2022-06-29 16:56:32 - main.go - [line:31] - INFO - Load app environment variables
2022-06-29 16:56:32 - main.go - [line:37] - INFO - Parse app configurations
2022-06-29 16:56:32 - main.go - [line:53] - INFO - Server listening on port :5000

2022-06-29 16:57:26 - validate_data.go - [line:27] - ERROR - Type: UNSUPPORTED_MEDIA_TYPE, Message : /infotax/user_login_detail/ only accepts Content-Type application/json

2022-06-29 16:58:06 - validate_data.go - [line:27] - ERROR - Type: UNSUPPORTED_MEDIA_TYPE, Message : /infotax/user_login_detail/ only accepts Content-Type application/json

2022-06-29 16:58:15 - validate_data.go - [line:60] - ERROR - Type: BAD_REQUEST, Message : Bad Request. Reason: Invalid request parameters. Verify request parameters once.

2022-06-29 16:58:56 - get_user_login_role.go - [line:38] - ERROR - Type: NOT_FOUND, Message : Resource : employee_id with value : 252143 not found

2022-06-29 16:59:22 - upload_users_login_detail.go - [line:50] - ERROR - Type: CONFLICT, Message : Duplicate entry '252153' for key 'user_login_details.PRIMARY'

2022-06-29 16:59:41 - validate_data.go - [line:60] - ERROR - Type: BAD_REQUEST, Message : Bad Request. Reason: Invalid request parameters. Verify request parameters once.

2022-06-29 17:40:04 - validate_data.go - [line:60] - ERROR - Type: BAD_REQUEST, Message : Bad Request. Reason: Invalid request parameters. Verify request parameters once.

2022-06-29 17:42:41 - main.go - [line:65] - INFO - Shutting down server :5000

2022-06-29 18:04:25 - main.go - [line:31] - INFO - Load app environment variables
2022-06-29 18:04:25 - main.go - [line:37] - INFO - Parse app configurations
2022-06-29 18:04:25 - main.go - [line:53] - INFO - Server listening on port :5000

2022-06-29 18:07:50 - main.go - [line:65] - INFO - Shutting down server :5000

2022-06-29 18:07:57 - main.go - [line:31] - INFO - Load app environment variables
2022-06-29 18:07:57 - main.go - [line:37] - INFO - Parse app configurations
2022-06-29 18:07:57 - main.go - [line:53] - INFO - Server listening on port :5000

2022-06-29 18:15:17 - main.go - [line:65] - INFO - Shutting down server :5000

2022-06-29 18:21:54 - main.go - [line:31] - INFO - Load app environment variables
2022-06-29 18:21:54 - main.go - [line:37] - INFO - Parse app configurations
2022-06-29 18:21:54 - main.go - [line:53] - INFO - Server listening on port :5000

2022-06-29 18:22:38 - create_user_login_detail.go - [line:42] - ERROR - Type: CONFLICT, Message : Resource : employee_id with value : 25645 already exists

2022-06-29 18:23:11 - get_user_login_role.go - [line:38] - ERROR - Type: NOT_FOUND, Message : Resource : employee_id with value : 256452 not found

2022-06-29 18:23:45 - delete_user_login_detail.go - [line:38] - ERROR - Type: NOT_FOUND, Message : Resource : employee_id with value : 25645 not found

2022-06-29 18:23:48 - get_user_login_detail.go - [line:49] - ERROR - Type: NOT_FOUND, Message : Resource : employee_id with value : 25645 not found

2022-06-29 18:37:41 - main.go - [line:65] - INFO - Shutting down server :5000

2022-06-29 18:37:49 - main.go - [line:31] - INFO - Load app environment variables
2022-06-29 18:37:49 - main.go - [line:37] - INFO - Parse app configurations
2022-06-29 18:37:49 - main.go - [line:53] - INFO - Server listening on port :5000

2022-06-29 18:39:58 - get_user_login_detail.go - [line:49] - ERROR - Type: NOT_FOUND, Message : Resource : employee_id with value : 23423423 not found

2022-06-29 18:44:26 - main.go - [line:65] - INFO - Shutting down server :5000

2022-06-29 18:44:33 - main.go - [line:31] - INFO - Load app environment variables
2022-06-29 18:44:33 - main.go - [line:37] - INFO - Parse app configurations
2022-06-29 18:44:33 - main.go - [line:53] - INFO - Server listening on port :5000

2022-06-29 19:41:13 - main.go - [line:65] - INFO - Shutting down server :5000

2022-06-29 19:51:49 - main.go - [line:31] - INFO - Load app environment variables
2022-06-29 19:51:49 - main.go - [line:37] - INFO - Parse app configurations
2022-06-29 19:51:49 - main.go - [line:53] - INFO - Server listening on port :5000

2022-06-29 19:52:27 - search_user_login_detail.go - [line:76] - ERROR - Type: INTERNAL, Message : Internal server error

2022-06-29 19:54:29 - main.go - [line:65] - INFO - Shutting down server :5000

2022-06-29 19:54:36 - main.go - [line:31] - INFO - Load app environment variables
2022-06-29 19:54:36 - main.go - [line:37] - INFO - Parse app configurations
2022-06-29 19:54:36 - main.go - [line:53] - INFO - Server listening on port :5000

2022-06-29 19:54:42 - search_user_login_detail.go - [line:76] - ERROR - Type: INTERNAL, Message : Internal server error

2022-06-29 19:55:53 - main.go - [line:65] - INFO - Shutting down server :5000

2022-06-29 19:56:00 - main.go - [line:31] - INFO - Load app environment variables
2022-06-29 19:56:00 - main.go - [line:37] - INFO - Parse app configurations
2022-06-29 19:56:00 - main.go - [line:53] - INFO - Server listening on port :5000

2022-06-29 19:56:15 - search_user_login_detail.go - [line:76] - ERROR - Type: INTERNAL, Message : Internal server error

2022-06-29 19:56:36 - main.go - [line:65] - INFO - Shutting down server :5000

2022-06-29 19:56:52 - main.go - [line:31] - INFO - Load app environment variables
2022-06-29 19:56:52 - main.go - [line:37] - INFO - Parse app configurations
2022-06-29 19:56:52 - main.go - [line:53] - INFO - Server listening on port :5000

2022-06-29 19:58:37 - main.go - [line:31] - INFO - Load app environment variables
2022-06-29 19:58:37 - main.go - [line:37] - INFO - Parse app configurations
2022-06-29 19:58:37 - main.go - [line:53] - INFO - Server listening on port :5000

2022-06-29 19:59:35 - main.go - [line:31] - INFO - Load app environment variables
2022-06-29 19:59:35 - main.go - [line:37] - INFO - Parse app configurations
2022-06-29 19:59:35 - main.go - [line:53] - INFO - Server listening on port :5000

2022-06-29 19:59:50 - search_user_login_detail.go - [line:76] - ERROR - Type: INTERNAL, Message : Internal server error

2022-06-29 20:01:12 - main.go - [line:65] - INFO - Shutting down server :5000

2022-06-29 20:01:19 - main.go - [line:31] - INFO - Load app environment variables
2022-06-29 20:01:19 - main.go - [line:37] - INFO - Parse app configurations
2022-06-29 20:01:19 - main.go - [line:53] - INFO - Server listening on port :5000

2022-06-29 20:03:19 - main.go - [line:65] - INFO - Shutting down server :5000

2022-06-29 20:03:28 - main.go - [line:31] - INFO - Load app environment variables
2022-06-29 20:03:28 - main.go - [line:37] - INFO - Parse app configurations
2022-06-29 20:03:28 - main.go - [line:53] - INFO - Server listening on port :5000

2022-06-29 20:04:01 - main.go - [line:65] - INFO - Shutting down server :5000

2022-06-30 10:32:19 - main.go - [line:31] - INFO - Load app environment variables
2022-06-30 10:32:19 - main.go - [line:37] - INFO - Parse app configurations
2022-06-30 10:32:47 - main.go - [line:31] - INFO - Load app environment variables
2022-06-30 10:32:47 - main.go - [line:37] - INFO - Parse app configurations
2022-06-30 10:32:47 - main.go - [line:53] - INFO - Server listening on port :5000

2022-06-30 10:34:30 - main.go - [line:65] - INFO - Shutting down server :5000

2022-06-30 10:34:37 - main.go - [line:31] - INFO - Load app environment variables
2022-06-30 10:34:37 - main.go - [line:37] - INFO - Parse app configurations
2022-06-30 10:34:37 - main.go - [line:53] - INFO - Server listening on port :5000

2022-06-30 10:44:19 - main.go - [line:65] - INFO - Shutting down server :5000

2022-06-30 11:55:53 - main.go - [line:31] - INFO - Load app environment variables
2022-06-30 11:55:53 - main.go - [line:37] - INFO - Parse app configurations
2022-06-30 11:55:53 - main.go - [line:53] - INFO - Server listening on port :5000

2022-06-30 14:41:32 - main.go - [line:65] - INFO - Shutting down server :5000

2022-06-30 16:10:11 - main.go - [line:31] - INFO - Load app environment variables
2022-06-30 16:10:11 - main.go - [line:37] - INFO - Parse app configurations
2022-06-30 16:10:11 - main.go - [line:53] - INFO - Server listening on port :5000

2022-06-30 16:10:31 - main.go - [line:65] - INFO - Shutting down server :5000

2022-06-30 18:14:27 - main.go - [line:31] - INFO - Load app environment variables
2022-06-30 18:14:27 - main.go - [line:37] - INFO - Parse app configurations
2022-06-30 18:14:27 - main.go - [line:53] - INFO - Server listening on port :5000

2022-06-30 18:16:48 - get_user_login_detail.go - [line:49] - ERROR - Type: INTERNAL, Message : Internal server error

2022-06-30 18:18:37 - main.go - [line:65] - INFO - Shutting down server :5000

2022-06-30 18:18:53 - main.go - [line:31] - INFO - Load app environment variables
2022-06-30 18:18:53 - main.go - [line:37] - INFO - Parse app configurations
2022-06-30 18:18:53 - main.go - [line:53] - INFO - Server listening on port :5000

2022-06-30 18:25:32 - main.go - [line:31] - INFO - Load app environment variables
2022-06-30 18:25:32 - main.go - [line:37] - INFO - Parse app configurations
2022-06-30 18:25:32 - main.go - [line:53] - INFO - Server listening on port :5000

2022-06-30 18:25:35 - get_user_login_detail.go - [line:49] - ERROR - Type: NOT_FOUND, Message : Resource : employee_id with value :   not found

2022-06-30 18:25:35 - get_user_login_detail.go - [line:49] - ERROR - Type: NOT_FOUND, Message : Resource : employee_id with value :   not found

2022-07-01 10:19:55 - main.go - [line:31] - INFO - Load app environment variables
2022-07-01 10:19:55 - main.go - [line:37] - INFO - Parse app configurations
2022-07-01 10:19:55 - main.go - [line:53] - INFO - Server listening on port :5000

2022-07-01 10:57:03 - validate_data.go - [line:60] - ERROR - Type: BAD_REQUEST, Message : Bad Request. Reason: Invalid request parameters. Verify request parameters once.

2022-07-01 10:57:15 - validate_data.go - [line:60] - ERROR - Type: BAD_REQUEST, Message : Bad Request. Reason: Invalid request parameters. Verify request parameters once.

2022-07-01 12:52:52 - validate_data.go - [line:60] - ERROR - Type: BAD_REQUEST, Message : Bad Request. Reason: Invalid request parameters. Verify request parameters once.

2022-07-01 12:53:34 - main.go - [line:65] - INFO - Shutting down server :5000

2022-07-01 12:53:41 - main.go - [line:31] - INFO - Load app environment variables
2022-07-01 12:53:41 - main.go - [line:37] - INFO - Parse app configurations
2022-07-01 12:53:41 - main.go - [line:53] - INFO - Server listening on port :5000

2022-07-01 12:53:54 - validate_data.go - [line:60] - ERROR - Type: BAD_REQUEST, Message : Bad Request. Reason: Invalid request parameters. Verify request parameters once.

2022-07-01 12:54:02 - validate_data.go - [line:60] - ERROR - Type: BAD_REQUEST, Message : Bad Request. Reason: Invalid request parameters. Verify request parameters once.

2022-07-01 12:54:12 - validate_data.go - [line:60] - ERROR - Type: BAD_REQUEST, Message : Bad Request. Reason: Invalid request parameters. Verify request parameters once.

2022-07-01 12:54:44 - validate_data.go - [line:60] - ERROR - Type: BAD_REQUEST, Message : Bad Request. Reason: Invalid request parameters. Verify request parameters once.

2022-07-01 15:15:21 - upload_users_login_detail.go - [line:50] - ERROR - Type: CONFLICT, Message : Duplicate entry '252153' for key 'user_login_details.PRIMARY'

2022-07-01 17:18:44 - main.go - [line:65] - INFO - Shutting down server :5000

2022-07-01 18:08:16 - main.go - [line:31] - INFO - Load app environment variables
2022-07-01 18:08:16 - main.go - [line:37] - INFO - Parse app configurations
2022-07-01 18:08:16 - db.go - [line:15] - INFO - Connecting to mysql database
2022-07-01 18:08:16 - main.go - [line:53] - INFO - Server listening on port :5000

2022-07-01 18:19:26 - main.go - [line:65] - INFO - Shutting down server :5000

2022-07-04 10:53:27 - main.go - [line:31] - INFO - Load app environment variables
2022-07-04 10:53:27 - main.go - [line:37] - INFO - Parse app configurations
2022-07-04 10:53:27 - db.go - [line:15] - INFO - Connecting to mysql database
2022-07-04 10:53:29 - db.go - [line:20] - FATAL - Error, While connection mysql database: dial tcp [::1]:3306: connectex: No connection could be made because the target machine actively refused it.

2022-07-04 10:54:33 - main.go - [line:31] - INFO - Load app environment variables
2022-07-04 10:54:33 - main.go - [line:37] - INFO - Parse app configurations
2022-07-04 10:54:33 - db.go - [line:15] - INFO - Connecting to mysql database
2022-07-04 10:54:35 - db.go - [line:20] - FATAL - Error, While connection mysql database: dial tcp [::1]:3306: connectex: No connection could be made because the target machine actively refused it.

2022-07-04 10:54:43 - main.go - [line:31] - INFO - Load app environment variables
2022-07-04 10:54:43 - main.go - [line:37] - INFO - Parse app configurations
2022-07-04 10:54:43 - db.go - [line:15] - INFO - Connecting to mysql database
2022-07-04 10:54:43 - main.go - [line:53] - INFO - Server listening on port :5000

2022-07-04 11:58:57 - main.go - [line:65] - INFO - Shutting down server :5000

2022-07-04 12:15:29 - main.go - [line:31] - INFO - Load app environment variables
2022-07-04 12:15:29 - main.go - [line:37] - INFO - Parse app configurations
2022-07-04 12:15:29 - db.go - [line:15] - INFO - Connecting to mysql database
2022-07-04 12:15:29 - main.go - [line:53] - INFO - Server listening on port :5000

2022-07-07 12:54:59 - main.go - [line:31] - INFO - Load app environment variables
2022-07-07 12:54:59 - main.go - [line:37] - INFO - Parse app configurations
2022-07-07 12:54:59 - db.go - [line:15] - INFO - Connecting to mysql database
2022-07-07 12:54:59 - main.go - [line:53] - INFO - Server listening on port :5000

2022-07-07 15:23:10 - main.go - [line:65] - INFO - Shutting down server :5000

2022-07-07 15:25:11 - main.go - [line:31] - INFO - Load app environment variables
2022-07-07 15:25:11 - main.go - [line:37] - INFO - Parse app configurations
2022-07-07 15:25:11 - db.go - [line:15] - INFO - Connecting to mysql database
2022-07-07 15:25:11 - db.go - [line:15] - INFO - Connecting to mysql database
2022-07-07 15:25:11 - main.go - [line:53] - INFO - Server listening on port :5000

2022-07-07 15:27:39 - main.go - [line:65] - INFO - Shutting down server :5000

2022-07-07 15:31:03 - main.go - [line:31] - INFO - Load app environment variables
2022-07-07 15:31:03 - main.go - [line:37] - INFO - Parse app configurations
2022-07-07 15:31:03 - db.go - [line:15] - INFO - Connecting to mysql database
2022-07-07 15:31:03 - db.go - [line:15] - INFO - Connecting to mysql database
2022-07-07 15:31:03 - main.go - [line:53] - INFO - Server listening on port :5000

2022-07-07 15:54:05 - main.go - [line:31] - INFO - Load app environment variables
2022-07-07 15:54:05 - main.go - [line:37] - INFO - Parse app configurations
2022-07-07 15:54:05 - db.go - [line:15] - INFO - Connecting to mysql database
2022-07-07 15:54:05 - db.go - [line:15] - INFO - Connecting to mysql database
2022-07-07 15:54:05 - main.go - [line:53] - INFO - Server listening on port :5000

2022-07-07 16:35:57 - validate_data.go - [line:60] - ERROR - Type: BAD_REQUEST, Message : Bad Request. Reason: Invalid request parameters. Verify request parameters once.

2022-07-07 16:37:57 - main.go - [line:65] - INFO - Shutting down server :5000

2022-07-07 16:46:20 - main.go - [line:31] - INFO - Load app environment variables
2022-07-07 16:46:20 - main.go - [line:37] - INFO - Parse app configurations
2022-07-07 16:46:20 - db.go - [line:15] - INFO - Connecting to mysql database
2022-07-07 16:46:20 - db.go - [line:15] - INFO - Connecting to mysql database
2022-07-07 16:46:20 - main.go - [line:53] - INFO - Server listening on port :5000

2022-07-07 16:49:51 - validate_data.go - [line:60] - ERROR - Type: BAD_REQUEST, Message : Bad Request. Reason: Invalid request parameters. Verify request parameters once.

2022-07-07 16:50:13 - validate_data.go - [line:39] - ERROR - Type: BAD_REQUEST, Message : Bad Request. Reason: Invalid request parameters. Verify request parameters once.

2022-07-07 16:50:27 - validate_data.go - [line:39] - ERROR - Type: BAD_REQUEST, Message : Bad Request. Reason: Invalid request parameters. Verify request parameters once.

